Using pre-set license
Built from '2020.3/staging' branch; Version is '2020.3.4f1 (0abb6314276a) revision 703331'; Using compiler version '192528614'; Build Type 'Release'
OS: 'Windows 10 Home; OS build 19043.1165; Version 2009; 64bit' Language: 'en' Physical Memory: 16267 MB
BatchMode: 1, IsHumanControllingUs: 0, StartBugReporterOnCrash: 0, Is64bit: 1, IsPro: 0

 COMMAND LINE ARGUMENTS:
C:\Program Files\Unity\Hub\Editor\2020.3.4f1\Editor\Unity.exe
-adb2
-batchMode
-noUpm
-name
AssetImportWorker0
-projectPath
D:/Laf Games/Project X
-logFile
Logs/AssetImportWorker0.log
-srvPort
57439
Successfully changed project path to: D:/Laf Games/Project X
D:/Laf Games/Project X
Using Asset Import Pipeline V2.
Refreshing native plugins compatible for Editor in 116.57 ms, found 0 plugins.
Preloading 0 native plugins for Editor in 0.00 ms.
Initialize engine version: 2020.3.4f1 (0abb6314276a)
[Subsystems] Discovering subsystems at path C:/Program Files/Unity/Hub/Editor/2020.3.4f1/Editor/Data/Resources/UnitySubsystems
[Subsystems] Discovering subsystems at path D:/Laf Games/Project X/Assets
GfxDevice: creating device client; threaded=0
Direct3D:
    Version:  Direct3D 11.0 [level 11.1]
    Renderer: NVIDIA GeForce GTX 1050 (ID=0x1c8d)
    Vendor:   
    VRAM:     4019 MB
    Driver:   30.0.14.7196
Shader 'Universal Render Pipeline/Particles/Lit': fallback shader 'Universal Render Pipeline/Particles/SimpleLit' not found
Initialize mono
Mono path[0] = 'C:/Program Files/Unity/Hub/Editor/2020.3.4f1/Editor/Data/Managed'
Mono path[1] = 'C:/Program Files/Unity/Hub/Editor/2020.3.4f1/Editor/Data/MonoBleedingEdge/lib/mono/unityjit'
Mono config path = 'C:/Program Files/Unity/Hub/Editor/2020.3.4f1/Editor/Data/MonoBleedingEdge/etc'
Using monoOptions --debugger-agent=transport=dt_socket,embedding=1,server=y,suspend=n,address=127.0.0.1:56800
Begin MonoManager ReloadAssembly
Registering precompiled unity dll's ...
Register platform support module: C:/Program Files/Unity/Hub/Editor/2020.3.4f1/Editor/Data/PlaybackEngines/WebGLSupport/UnityEditor.WebGL.Extensions.dll
Register platform support module: C:/Program Files/Unity/Hub/Editor/2020.3.4f1/Editor/Data/PlaybackEngines/WindowsStandaloneSupport/UnityEditor.WindowsStandalone.Extensions.dll
Registered in 0.005251 seconds.
Native extension for WindowsStandalone target not found
Native extension for WebGL target not found
Refreshing native plugins compatible for Editor in 180.07 ms, found 0 plugins.
Preloading 0 native plugins for Editor in 0.00 ms.
Mono: successfully reloaded assembly
- Completed reload, in  5.483 seconds
Platform modules already initialized, skipping
Registering precompiled user dll's ...
Registered in 0.002338 seconds.
Begin MonoManager ReloadAssembly
Native extension for WindowsStandalone target not found
Native extension for WebGL target not found
Refreshing native plugins compatible for Editor in 72.65 ms, found 0 plugins.
Preloading 0 native plugins for Editor in 0.00 ms.
Mono: successfully reloaded assembly
- Completed reload, in  1.435 seconds
Platform modules already initialized, skipping
========================================================================
Worker process is ready to serve import requests
Shader 'Universal Render Pipeline/Particles/Lit': fallback shader 'Universal Render Pipeline/Particles/SimpleLit' not found
Launched and connected shader compiler UnityShaderCompiler.exe after 0.08 seconds
Refreshing native plugins compatible for Editor in 1.24 ms, found 0 plugins.
Preloading 0 native plugins for Editor in 0.00 ms.
Unloading 2497 Unused Serialized files (Serialized files now loaded: 0)
System memory in use before: 115.9 MB.
System memory in use after: 116.1 MB.

Unloading 13 unused Assets to reduce memory usage. Loaded Objects now: 2942.
Total: 4.758600 ms (FindLiveObjects: 0.491400 ms CreateObjectMapping: 0.267400 ms MarkObjects: 3.862100 ms  DeleteObjects: 0.135400 ms)

========================================================================
Received Import Request.
  path: Assets/Damage.cs
  artifactKey: Guid(84d0c1feaa15c994d8bcce9f03f6a512) Importer(815301076,1909f56bfc062723c751e8b465ee728b)
Start importing Assets/Damage.cs using Guid(84d0c1feaa15c994d8bcce9f03f6a512) Importer(815301076,1909f56bfc062723c751e8b465ee728b)  -> (artifact id: 'f2001029eda26e2fbac4410f5993f979') in 0.103595 seconds
  Import took 0.112470 seconds .

========================================================================
Received Prepare
Registering precompiled user dll's ...
Registered in 0.001782 seconds.
Begin MonoManager ReloadAssembly
Native extension for WindowsStandalone target not found
Native extension for WebGL target not found
Refreshing native plugins compatible for Editor in 0.45 ms, found 0 plugins.
Preloading 0 native plugins for Editor in 0.00 ms.
Mono: successfully reloaded assembly
- Completed reload, in  0.969 seconds
Platform modules already initialized, skipping
Switching build target platform(5) subTarget(0) extendedPlatform(0) -> platform(13) subTarget(537395200) extendedPlatform(0)
Shader 'Universal Render Pipeline/Particles/Lit': fallback shader 'Universal Render Pipeline/Particles/SimpleLit' not found
Refreshing native plugins compatible for Editor in 0.50 ms, found 0 plugins.
Preloading 0 native plugins for Editor in 0.00 ms.
Unloading 2392 Unused Serialized files (Serialized files now loaded: 0)
System memory in use before: 109.0 MB.
System memory in use after: 109.2 MB.

Unloading 8 unused Assets to reduce memory usage. Loaded Objects now: 2945.
Total: 2.514100 ms (FindLiveObjects: 0.263900 ms CreateObjectMapping: 0.115900 ms MarkObjects: 2.037800 ms  DeleteObjects: 0.094600 ms)

AssetImportParameters requested are different than current active one (requested -> active):
  custom:graphics/normal-map-encoding: 01000000000000000000000000000000 -> 02000000000000000000000000000000
========================================================================
Received Import Request.
  Time since last request: 3401.927636 seconds.
  path: Assets/Attack.cs
  artifactKey: Guid(127836a06f59b6445a13b805c7f997cc) Importer(815301076,1909f56bfc062723c751e8b465ee728b)
Start importing Assets/Attack.cs using Guid(127836a06f59b6445a13b805c7f997cc) Importer(815301076,1909f56bfc062723c751e8b465ee728b)  -> (artifact id: '8e1d9ade80fc31c95395273713a107e2') in 0.010626 seconds
  Import took 0.022514 seconds .

========================================================================
Received Prepare
Registering precompiled user dll's ...
Registered in 0.001754 seconds.
Begin MonoManager ReloadAssembly
Native extension for WindowsStandalone target not found
Native extension for WebGL target not found
Refreshing native plugins compatible for Editor in 0.43 ms, found 0 plugins.
Preloading 0 native plugins for Editor in 0.00 ms.
Mono: successfully reloaded assembly
- Completed reload, in  0.942 seconds
Platform modules already initialized, skipping
Switching build target platform(5) subTarget(0) extendedPlatform(0) -> platform(13) subTarget(537395200) extendedPlatform(0)
Shader 'Universal Render Pipeline/Particles/Lit': fallback shader 'Universal Render Pipeline/Particles/SimpleLit' not found
Refreshing native plugins compatible for Editor in 0.40 ms, found 0 plugins.
Preloading 0 native plugins for Editor in 0.00 ms.
Unloading 2393 Unused Serialized files (Serialized files now loaded: 0)
System memory in use before: 109.0 MB.
System memory in use after: 109.2 MB.

Unloading 8 unused Assets to reduce memory usage. Loaded Objects now: 2949.
Total: 2.805300 ms (FindLiveObjects: 0.575500 ms CreateObjectMapping: 0.188600 ms MarkObjects: 1.936000 ms  DeleteObjects: 0.103300 ms)

AssetImportParameters requested are different than current active one (requested -> active):
  custom:graphics/normal-map-encoding: 01000000000000000000000000000000 -> 02000000000000000000000000000000
========================================================================
Received Import Request.
  Time since last request: 428.819599 seconds.
  path: Assets/Attack.cs
  artifactKey: Guid(127836a06f59b6445a13b805c7f997cc) Importer(815301076,1909f56bfc062723c751e8b465ee728b)
Start importing Assets/Attack.cs using Guid(127836a06f59b6445a13b805c7f997cc) Importer(815301076,1909f56bfc062723c751e8b465ee728b)  -> (artifact id: '31f2e80075c7ef5420f3c4658198fa54') in 0.007806 seconds
  Import took 0.014519 seconds .

========================================================================
Received Prepare
Registering precompiled user dll's ...
Registered in 0.001717 seconds.
Begin MonoManager ReloadAssembly
Native extension for WindowsStandalone target not found
Native extension for WebGL target not found
Refreshing native plugins compatible for Editor in 0.42 ms, found 0 plugins.
Preloading 0 native plugins for Editor in 0.00 ms.
Mono: successfully reloaded assembly
- Completed reload, in  0.966 seconds
Platform modules already initialized, skipping
Switching build target platform(5) subTarget(0) extendedPlatform(0) -> platform(13) subTarget(537395200) extendedPlatform(0)
Shader 'Universal Render Pipeline/Particles/Lit': fallback shader 'Universal Render Pipeline/Particles/SimpleLit' not found
Refreshing native plugins compatible for Editor in 0.42 ms, found 0 plugins.
Preloading 0 native plugins for Editor in 0.00 ms.
Unloading 2393 Unused Serialized files (Serialized files now loaded: 0)
System memory in use before: 109.1 MB.
System memory in use after: 109.3 MB.

Unloading 8 unused Assets to reduce memory usage. Loaded Objects now: 2952.
Total: 2.531900 ms (FindLiveObjects: 0.309500 ms CreateObjectMapping: 0.144400 ms MarkObjects: 1.989900 ms  DeleteObjects: 0.086800 ms)

AssetImportParameters requested are different than current active one (requested -> active):
  custom:graphics/normal-map-encoding: 01000000000000000000000000000000 -> 02000000000000000000000000000000
========================================================================
Received Prepare
Registering precompiled user dll's ...
Registered in 0.002054 seconds.
Begin MonoManager ReloadAssembly
Native extension for WindowsStandalone target not found
Native extension for WebGL target not found
Refreshing native plugins compatible for Editor in 0.43 ms, found 0 plugins.
Preloading 0 native plugins for Editor in 0.00 ms.
Mono: successfully reloaded assembly
- Completed reload, in  0.996 seconds
Platform modules already initialized, skipping
Switching build target platform(5) subTarget(0) extendedPlatform(0) -> platform(13) subTarget(537395200) extendedPlatform(0)
Shader 'Universal Render Pipeline/Particles/Lit': fallback shader 'Universal Render Pipeline/Particles/SimpleLit' not found
Refreshing native plugins compatible for Editor in 0.41 ms, found 0 plugins.
Preloading 0 native plugins for Editor in 0.00 ms.
Unloading 2393 Unused Serialized files (Serialized files now loaded: 0)
System memory in use before: 109.1 MB.
System memory in use after: 109.3 MB.

Unloading 8 unused Assets to reduce memory usage. Loaded Objects now: 2955.
Total: 2.649300 ms (FindLiveObjects: 0.449300 ms CreateObjectMapping: 0.225400 ms MarkObjects: 1.867000 ms  DeleteObjects: 0.105900 ms)

AssetImportParameters requested are different than current active one (requested -> active):
  custom:graphics/normal-map-encoding: 01000000000000000000000000000000 -> 02000000000000000000000000000000
========================================================================
Received Prepare
Registering precompiled user dll's ...
Registered in 0.001779 seconds.
Begin MonoManager ReloadAssembly
Native extension for WindowsStandalone target not found
Native extension for WebGL target not found
Refreshing native plugins compatible for Editor in 0.41 ms, found 0 plugins.
Preloading 0 native plugins for Editor in 0.00 ms.
Mono: successfully reloaded assembly
- Completed reload, in  1.027 seconds
Platform modules already initialized, skipping
Switching build target platform(5) subTarget(0) extendedPlatform(0) -> platform(13) subTarget(537395200) extendedPlatform(0)
Shader 'Universal Render Pipeline/Particles/Lit': fallback shader 'Universal Render Pipeline/Particles/SimpleLit' not found
Refreshing native plugins compatible for Editor in 0.55 ms, found 0 plugins.
Preloading 0 native plugins for Editor in 0.00 ms.
Unloading 2393 Unused Serialized files (Serialized files now loaded: 0)
System memory in use before: 109.0 MB.
System memory in use after: 109.2 MB.

Unloading 8 unused Assets to reduce memory usage. Loaded Objects now: 2958.
Total: 2.668500 ms (FindLiveObjects: 0.358800 ms CreateObjectMapping: 0.133600 ms MarkObjects: 2.085600 ms  DeleteObjects: 0.089500 ms)

AssetImportParameters requested are different than current active one (requested -> active):
  custom:graphics/normal-map-encoding: 01000000000000000000000000000000 -> 02000000000000000000000000000000
========================================================================
Received Import Request.
  Time since last request: 340.969709 seconds.
  path: Assets/Prefabs/Character Cards/Laborers/Laborer Card 1.prefab
  artifactKey: Guid(5bafa1c823d04694c8f36a690f649e0b) Importer(815301076,1909f56bfc062723c751e8b465ee728b)
Start importing Assets/Prefabs/Character Cards/Laborers/Laborer Card 1.prefab using Guid(5bafa1c823d04694c8f36a690f649e0b) Importer(815301076,1909f56bfc062723c751e8b465ee728b)  -> (artifact id: '5dca927f3cbe7400768b71c802c0939b') in 0.056984 seconds
  Import took 0.691634 seconds .

========================================================================
Received Import Request.
  Time since last request: 0.000599 seconds.
  path: Assets/Prefabs/Character Cards/Laborers/Laborer Card 1.prefab
  artifactKey: Guid(5bafa1c823d04694c8f36a690f649e0b) Importer(815301076,1909f56bfc062723c751e8b465ee728b)
Start importing Assets/Prefabs/Character Cards/Laborers/Laborer Card 1.prefab using Guid(5bafa1c823d04694c8f36a690f649e0b) Importer(815301076,1909f56bfc062723c751e8b465ee728b)  -> (artifact id: '5dca927f3cbe7400768b71c802c0939b') in 0.006840 seconds
  Import took 0.013457 seconds .

========================================================================
Received Import Request.
  Time since last request: 3.989880 seconds.
  path: Assets/Prefabs/Character Cards/Laborers/Laborer Card 1.prefab
  artifactKey: Guid(5bafa1c823d04694c8f36a690f649e0b) Importer(815301076,1909f56bfc062723c751e8b465ee728b)
Start importing Assets/Prefabs/Character Cards/Laborers/Laborer Card 1.prefab using Guid(5bafa1c823d04694c8f36a690f649e0b) Importer(815301076,1909f56bfc062723c751e8b465ee728b)  -> (artifact id: '424b0130a14f5e9bb5ea4649a368f8e3') in 0.005582 seconds
  Import took 0.010266 seconds .

========================================================================
Received Import Request.
  Time since last request: 18.380946 seconds.
  path: Assets/Prefabs/Characters/Laborers/Laborer 1.prefab
  artifactKey: Guid(c3c5266ff874846409e772b9de9925fb) Importer(815301076,1909f56bfc062723c751e8b465ee728b)
Start importing Assets/Prefabs/Characters/Laborers/Laborer 1.prefab using Guid(c3c5266ff874846409e772b9de9925fb) Importer(815301076,1909f56bfc062723c751e8b465ee728b)  -> (artifact id: '4905ba9c715765d9ad3e8875d0454da8') in 0.235584 seconds
  Import took 0.240170 seconds .

========================================================================
Received Import Request.
  Time since last request: 5.252324 seconds.
  path: Assets/Prefabs/Characters/Laborers/Laborer 1.prefab
  artifactKey: Guid(c3c5266ff874846409e772b9de9925fb) Importer(815301076,1909f56bfc062723c751e8b465ee728b)
Start importing Assets/Prefabs/Characters/Laborers/Laborer 1.prefab using Guid(c3c5266ff874846409e772b9de9925fb) Importer(815301076,1909f56bfc062723c751e8b465ee728b)  -> (artifact id: 'e8c70c65b55efdfc3c2c2859d62d9cce') in 0.013573 seconds
  Import took 0.018388 seconds .

========================================================================
Received Import Request.
  Time since last request: 2.797532 seconds.
  path: Assets/Prefabs/Characters/Laborers/Laborer 1.prefab
  artifactKey: Guid(c3c5266ff874846409e772b9de9925fb) Importer(815301076,1909f56bfc062723c751e8b465ee728b)
Start importing Assets/Prefabs/Characters/Laborers/Laborer 1.prefab using Guid(c3c5266ff874846409e772b9de9925fb) Importer(815301076,1909f56bfc062723c751e8b465ee728b)  -> (artifact id: '2ea98d4f4eec709e6a45e605fde75097') in 0.018747 seconds
  Import took 0.023920 seconds .

========================================================================
Received Import Request.
  Time since last request: 32.486693 seconds.
  path: Assets/Prefabs/Characters/Laborers/Laborer 1.prefab
  artifactKey: Guid(c3c5266ff874846409e772b9de9925fb) Importer(815301076,1909f56bfc062723c751e8b465ee728b)
Start importing Assets/Prefabs/Characters/Laborers/Laborer 1.prefab using Guid(c3c5266ff874846409e772b9de9925fb) Importer(815301076,1909f56bfc062723c751e8b465ee728b)  -> (artifact id: 'd6f98fbb0149d13425246023537309ee') in 0.009987 seconds
  Import took 0.014169 seconds .

========================================================================
Received Import Request.
  Time since last request: 0.001852 seconds.
  path: Assets/Prefabs/Characters/Laborers/Laborer 1.prefab
  artifactKey: Guid(c3c5266ff874846409e772b9de9925fb) Importer(815301076,1909f56bfc062723c751e8b465ee728b)
Start importing Assets/Prefabs/Characters/Laborers/Laborer 1.prefab using Guid(c3c5266ff874846409e772b9de9925fb) Importer(815301076,1909f56bfc062723c751e8b465ee728b)  -> (artifact id: 'd6f98fbb0149d13425246023537309ee') in 0.010023 seconds
  Import took 0.014180 seconds .

========================================================================
Received Prepare
Registering precompiled user dll's ...
Registered in 0.001737 seconds.
Begin MonoManager ReloadAssembly
Native extension for WindowsStandalone target not found
Native extension for WebGL target not found
Refreshing native plugins compatible for Editor in 0.47 ms, found 0 plugins.
Preloading 0 native plugins for Editor in 0.00 ms.
Mono: successfully reloaded assembly
- Completed reload, in  1.099 seconds
Platform modules already initialized, skipping
Switching build target platform(5) subTarget(0) extendedPlatform(0) -> platform(13) subTarget(537395200) extendedPlatform(0)
Shader 'Universal Render Pipeline/Particles/Lit': fallback shader 'Universal Render Pipeline/Particles/SimpleLit' not found
Refreshing native plugins compatible for Editor in 0.54 ms, found 0 plugins.
Preloading 0 native plugins for Editor in 0.00 ms.
Unloading 2393 Unused Serialized files (Serialized files now loaded: 0)
System memory in use before: 114.3 MB.
System memory in use after: 114.5 MB.

Unloading 9 unused Assets to reduce memory usage. Loaded Objects now: 3007.
Total: 3.440000 ms (FindLiveObjects: 0.452200 ms CreateObjectMapping: 0.211700 ms MarkObjects: 2.624600 ms  DeleteObjects: 0.149800 ms)

AssetImportParameters requested are different than current active one (requested -> active):
  custom:graphics/normal-map-encoding: 01000000000000000000000000000000 -> 02000000000000000000000000000000
========================================================================
Received Import Request.
  Time since last request: 27.379030 seconds.
  path: Assets/Prefabs/Characters/Laborers/Laborer 1.prefab
  artifactKey: Guid(c3c5266ff874846409e772b9de9925fb) Importer(815301076,1909f56bfc062723c751e8b465ee728b)
Start importing Assets/Prefabs/Characters/Laborers/Laborer 1.prefab using Guid(c3c5266ff874846409e772b9de9925fb) Importer(815301076,1909f56bfc062723c751e8b465ee728b)  -> (artifact id: 'c022563f6b0dcf1f0ca3628f27de80d1') in 0.182070 seconds
  Import took 0.186849 seconds .

========================================================================
Received Prepare
Registering precompiled user dll's ...
Registered in 0.001684 seconds.
Begin MonoManager ReloadAssembly
Native extension for WindowsStandalone target not found
Native extension for WebGL target not found
Refreshing native plugins compatible for Editor in 0.40 ms, found 0 plugins.
Preloading 0 native plugins for Editor in 0.00 ms.
Mono: successfully reloaded assembly
- Completed reload, in  1.098 seconds
Platform modules already initialized, skipping
Switching build target platform(5) subTarget(0) extendedPlatform(0) -> platform(13) subTarget(537395200) extendedPlatform(0)
Shader 'Universal Render Pipeline/Particles/Lit': fallback shader 'Universal Render Pipeline/Particles/SimpleLit' not found
Refreshing native plugins compatible for Editor in 0.52 ms, found 0 plugins.
Preloading 0 native plugins for Editor in 0.00 ms.
Unloading 2393 Unused Serialized files (Serialized files now loaded: 0)
System memory in use before: 114.4 MB.
System memory in use after: 114.6 MB.

Unloading 8 unused Assets to reduce memory usage. Loaded Objects now: 3046.
Total: 2.790000 ms (FindLiveObjects: 0.332400 ms CreateObjectMapping: 0.223300 ms MarkObjects: 2.143100 ms  DeleteObjects: 0.089900 ms)

AssetImportParameters requested are different than current active one (requested -> active):
  custom:graphics/normal-map-encoding: 01000000000000000000000000000000 -> 02000000000000000000000000000000
========================================================================
Received Import Request.
  Time since last request: 174.246583 seconds.
  path: Assets/Damage.cs
  artifactKey: Guid(84d0c1feaa15c994d8bcce9f03f6a512) Importer(815301076,1909f56bfc062723c751e8b465ee728b)
Start importing Assets/Damage.cs using Guid(84d0c1feaa15c994d8bcce9f03f6a512) Importer(815301076,1909f56bfc062723c751e8b465ee728b)  -> (artifact id: 'c2b6e1df3bcb1fcd4f14eafcc382393d') in 0.006482 seconds
  Import took 0.011372 seconds .

========================================================================
Received Prepare
Registering precompiled user dll's ...
Registered in 0.001683 seconds.
Begin MonoManager ReloadAssembly
Native extension for WindowsStandalone target not found
Native extension for WebGL target not found
Refreshing native plugins compatible for Editor in 0.40 ms, found 0 plugins.
Preloading 0 native plugins for Editor in 0.00 ms.
Mono: successfully reloaded assembly
- Completed reload, in  1.023 seconds
Platform modules already initialized, skipping
Switching build target platform(5) subTarget(0) extendedPlatform(0) -> platform(13) subTarget(537395200) extendedPlatform(0)
Shader 'Universal Render Pipeline/Particles/Lit': fallback shader 'Universal Render Pipeline/Particles/SimpleLit' not found
Refreshing native plugins compatible for Editor in 0.47 ms, found 0 plugins.
Preloading 0 native plugins for Editor in 0.00 ms.
Unloading 2393 Unused Serialized files (Serialized files now loaded: 0)
System memory in use before: 114.5 MB.
System memory in use after: 114.6 MB.

Unloading 8 unused Assets to reduce memory usage. Loaded Objects now: 3049.
Total: 3.252900 ms (FindLiveObjects: 0.331500 ms CreateObjectMapping: 0.188600 ms MarkObjects: 2.661700 ms  DeleteObjects: 0.069700 ms)

AssetImportParameters requested are different than current active one (requested -> active):
  custom:graphics/normal-map-encoding: 01000000000000000000000000000000 -> 02000000000000000000000000000000
AssetImportWorkerClient::OnTransportError - code=2 error=End of file
